0 info it worked if it ends with ok
1 verbose cli [ 'C:\\Program Files\\nodejs\\node.exe',
1 verbose cli   'C:\\Program Files\\nodejs\\node_modules\\npm\\bin\\npm-cli.js',
1 verbose cli   'install',
1 verbose cli   'grunt-i18next',
1 verbose cli   '--save-dev' ]
2 info using npm@2.15.8
3 info using node@v4.4.7
4 verbose install initial load of F:\zy\codeLibrary\nginx-1.11.2\html\gruntDemo\package.json
5 warn package.json gruntDemo@1.0.1 No README data
6 warn package.json gruntDemo@1.0.1 No bin file found at bin/grunt
7 verbose installManyTop reading scoped package data from F:\zy\codeLibrary\nginx-1.11.2\html\gruntDemo\node_modules\bootstrap\package.json
8 verbose installManyTop reading scoped package data from F:\zy\codeLibrary\nginx-1.11.2\html\gruntDemo\node_modules\coffee-script\package.json
9 verbose installManyTop reading scoped package data from F:\zy\codeLibrary\nginx-1.11.2\html\gruntDemo\node_modules\dateformat\package.json
10 verbose installManyTop reading scoped package data from F:\zy\codeLibrary\nginx-1.11.2\html\gruntDemo\node_modules\difflet\package.json
11 verbose installManyTop reading scoped package data from F:\zy\codeLibrary\nginx-1.11.2\html\gruntDemo\node_modules\eventemitter2\package.json
12 verbose installManyTop reading scoped package data from F:\zy\codeLibrary\nginx-1.11.2\html\gruntDemo\node_modules\exit\package.json
13 verbose installManyTop reading scoped package data from F:\zy\codeLibrary\nginx-1.11.2\html\gruntDemo\node_modules\findup-sync\package.json
14 verbose installManyTop reading scoped package data from F:\zy\codeLibrary\nginx-1.11.2\html\gruntDemo\node_modules\glob\package.json
15 verbose installManyTop reading scoped package data from F:\zy\codeLibrary\nginx-1.11.2\html\gruntDemo\node_modules\grunt\package.json
16 verbose installManyTop reading scoped package data from F:\zy\codeLibrary\nginx-1.11.2\html\gruntDemo\node_modules\grunt-cli\package.json
17 verbose installManyTop reading scoped package data from F:\zy\codeLibrary\nginx-1.11.2\html\gruntDemo\node_modules\grunt-contrib-handlebars\package.json
18 verbose installManyTop reading scoped package data from F:\zy\codeLibrary\nginx-1.11.2\html\gruntDemo\node_modules\grunt-contrib-jshint\package.json
19 verbose installManyTop reading scoped package data from F:\zy\codeLibrary\nginx-1.11.2\html\gruntDemo\node_modules\grunt-contrib-nodeunit\package.json
20 verbose installManyTop reading scoped package data from F:\zy\codeLibrary\nginx-1.11.2\html\gruntDemo\node_modules\grunt-contrib-requirejs\package.json
21 verbose installManyTop reading scoped package data from F:\zy\codeLibrary\nginx-1.11.2\html\gruntDemo\node_modules\grunt-contrib-watch\package.json
22 verbose installManyTop reading scoped package data from F:\zy\codeLibrary\nginx-1.11.2\html\gruntDemo\node_modules\grunt-jscs\package.json
23 verbose installManyTop reading scoped package data from F:\zy\codeLibrary\nginx-1.11.2\html\gruntDemo\node_modules\grunt-known-options\package.json
24 verbose installManyTop reading scoped package data from F:\zy\codeLibrary\nginx-1.11.2\html\gruntDemo\node_modules\grunt-legacy-log\package.json
25 verbose installManyTop reading scoped package data from F:\zy\codeLibrary\nginx-1.11.2\html\gruntDemo\node_modules\grunt-legacy-util\package.json
26 verbose installManyTop reading scoped package data from F:\zy\codeLibrary\nginx-1.11.2\html\gruntDemo\node_modules\handlebars\package.json
27 verbose installManyTop reading scoped package data from F:\zy\codeLibrary\nginx-1.11.2\html\gruntDemo\node_modules\i18next\package.json
28 verbose installManyTop reading scoped package data from F:\zy\codeLibrary\nginx-1.11.2\html\gruntDemo\node_modules\iconv-lite\package.json
29 verbose installManyTop reading scoped package data from F:\zy\codeLibrary\nginx-1.11.2\html\gruntDemo\node_modules\jquery\package.json
30 verbose installManyTop reading scoped package data from F:\zy\codeLibrary\nginx-1.11.2\html\gruntDemo\node_modules\js-yaml\package.json
31 verbose installManyTop reading scoped package data from F:\zy\codeLibrary\nginx-1.11.2\html\gruntDemo\node_modules\minimatch\package.json
32 verbose installManyTop reading scoped package data from F:\zy\codeLibrary\nginx-1.11.2\html\gruntDemo\node_modules\nopt\package.json
33 verbose installManyTop reading scoped package data from F:\zy\codeLibrary\nginx-1.11.2\html\gruntDemo\node_modules\path-is-absolute\package.json
34 verbose installManyTop reading scoped package data from F:\zy\codeLibrary\nginx-1.11.2\html\gruntDemo\node_modules\requirejs\package.json
35 verbose installManyTop reading scoped package data from F:\zy\codeLibrary\nginx-1.11.2\html\gruntDemo\node_modules\rimraf\package.json
36 verbose installManyTop reading scoped package data from F:\zy\codeLibrary\nginx-1.11.2\html\gruntDemo\node_modules\semver\package.json
37 verbose installManyTop reading scoped package data from F:\zy\codeLibrary\nginx-1.11.2\html\gruntDemo\node_modules\shelljs\package.json
38 verbose installManyTop reading scoped package data from F:\zy\codeLibrary\nginx-1.11.2\html\gruntDemo\node_modules\temporary\package.json
39 verbose installManyTop reading scoped package data from F:\zy\codeLibrary\nginx-1.11.2\html\gruntDemo\node_modules\through2\package.json
40 info package.json exit@0.1.2 No license field.
41 info package.json findup-sync@0.3.0 No license field.
42 info package.json grunt-contrib-nodeunit@0.4.1 No license field.
43 info package.json rimraf@2.2.8 license should be a valid SPDX license expression
44 info package.json semver@2.1.0 license should be a valid SPDX license expression
45 info package.json shelljs@0.5.3 license should be a valid SPDX license expression
46 info package.json temporary@0.0.8 No license field.
47 verbose readDependencies loading dependencies from F:\zy\codeLibrary\nginx-1.11.2\html\gruntDemo\package.json
48 silly cache add args [ 'grunt-i18next', null ]
49 verbose cache add spec grunt-i18next
50 silly cache add parsed spec Result {
50 silly cache add   raw: 'grunt-i18next',
50 silly cache add   scope: null,
50 silly cache add   name: 'grunt-i18next',
50 silly cache add   rawSpec: '',
50 silly cache add   spec: 'latest',
50 silly cache add   type: 'tag' }
51 silly addNamed grunt-i18next@latest
52 verbose addNamed "latest" is being treated as a dist-tag for grunt-i18next
53 info addNameTag [ 'grunt-i18next', 'latest' ]
54 silly mapToRegistry name grunt-i18next
55 silly mapToRegistry using default registry
56 silly mapToRegistry registry https://registry.npmjs.org/
57 silly mapToRegistry data Result {
57 silly mapToRegistry   raw: 'grunt-i18next',
57 silly mapToRegistry   scope: null,
57 silly mapToRegistry   name: 'grunt-i18next',
57 silly mapToRegistry   rawSpec: '',
57 silly mapToRegistry   spec: 'latest',
57 silly mapToRegistry   type: 'tag' }
58 silly mapToRegistry uri https://registry.npmjs.org/grunt-i18next
59 verbose addNameTag registry:https://registry.npmjs.org/grunt-i18next not in flight; fetching
60 verbose request uri https://registry.npmjs.org/grunt-i18next
61 verbose request no auth needed
62 info attempt registry request try #1 at 14:42:16
63 verbose request id 59e623ca0e2c397a
64 http request GET https://registry.npmjs.org/grunt-i18next
65 http 200 https://registry.npmjs.org/grunt-i18next
66 verbose headers { server: 'CouchDB/1.6.1 (Erlang OTP/R16B03)',
66 verbose headers   etag: '"33WYG8HKHFC0KAM8ZANOOAQEV"',
66 verbose headers   'content-type': 'application/json',
66 verbose headers   'content-encoding': 'gzip',
66 verbose headers   'cache-control': 'max-age=300',
66 verbose headers   'content-length': '1565',
66 verbose headers   'accept-ranges': 'bytes',
66 verbose headers   date: 'Mon, 11 Jul 2016 06:42:18 GMT',
66 verbose headers   via: '1.1 varnish',
66 verbose headers   age: '0',
66 verbose headers   connection: 'keep-alive',
66 verbose headers   'x-served-by': 'cache-itm7427-ITM',
66 verbose headers   'x-cache': 'MISS',
66 verbose headers   'x-cache-hits': '0',
66 verbose headers   'x-timer': 'S1468219338.237829,VS0,VE185',
66 verbose headers   vary: 'Accept-Encoding' }
67 silly get cb [ 200,
67 silly get   { server: 'CouchDB/1.6.1 (Erlang OTP/R16B03)',
67 silly get     etag: '"33WYG8HKHFC0KAM8ZANOOAQEV"',
67 silly get     'content-type': 'application/json',
67 silly get     'content-encoding': 'gzip',
67 silly get     'cache-control': 'max-age=300',
67 silly get     'content-length': '1565',
67 silly get     'accept-ranges': 'bytes',
67 silly get     date: 'Mon, 11 Jul 2016 06:42:18 GMT',
67 silly get     via: '1.1 varnish',
67 silly get     age: '0',
67 silly get     connection: 'keep-alive',
67 silly get     'x-served-by': 'cache-itm7427-ITM',
67 silly get     'x-cache': 'MISS',
67 silly get     'x-cache-hits': '0',
67 silly get     'x-timer': 'S1468219338.237829,VS0,VE185',
67 silly get     vary: 'Accept-Encoding' } ]
68 verbose get saving grunt-i18next to C:\Users\JS\AppData\Roaming\npm-cache\registry.npmjs.org\grunt-i18next\.cache.json
69 verbose correctMkdir C:\Users\JS\AppData\Roaming\npm-cache correctMkdir not in flight; initializing
70 silly addNameTag next cb for grunt-i18next with tag latest
71 silly addNamed grunt-i18next@0.0.2
72 verbose addNamed "0.0.2" is a plain semver version for grunt-i18next
73 silly mapToRegistry name grunt-i18next
74 silly mapToRegistry using default registry
75 silly mapToRegistry registry https://registry.npmjs.org/
76 silly mapToRegistry data Result {
76 silly mapToRegistry   raw: 'grunt-i18next',
76 silly mapToRegistry   scope: null,
76 silly mapToRegistry   name: 'grunt-i18next',
76 silly mapToRegistry   rawSpec: '',
76 silly mapToRegistry   spec: 'latest',
76 silly mapToRegistry   type: 'tag' }
77 silly mapToRegistry uri https://registry.npmjs.org/grunt-i18next
78 verbose addRemoteTarball https://registry.npmjs.org/grunt-i18next/-/grunt-i18next-0.0.2.tgz not in flight; adding
79 verbose addRemoteTarball [ 'https://registry.npmjs.org/grunt-i18next/-/grunt-i18next-0.0.2.tgz',
79 verbose addRemoteTarball   '651e735db93caccaba9042ccf852036bd14a357a' ]
80 info retry fetch attempt 1 at 14:42:17
81 info attempt registry request try #1 at 14:42:17
82 http fetch GET https://registry.npmjs.org/grunt-i18next/-/grunt-i18next-0.0.2.tgz
83 http fetch 200 https://registry.npmjs.org/grunt-i18next/-/grunt-i18next-0.0.2.tgz
84 silly fetchAndShaCheck shasum 651e735db93caccaba9042ccf852036bd14a357a
85 verbose addTmpTarball C:\Users\JS\AppData\Local\Temp\npm-5588-a2932fee\registry.npmjs.org\grunt-i18next\-\grunt-i18next-0.0.2.tgz not in flight; adding
86 verbose addTmpTarball already have metadata; skipping unpack for grunt-i18next@0.0.2
87 verbose correctMkdir C:\Users\JS\AppData\Roaming\npm-cache correctMkdir not in flight; initializing
88 silly cache afterAdd grunt-i18next@0.0.2
89 verbose afterAdd C:\Users\JS\AppData\Roaming\npm-cache\grunt-i18next\0.0.2\package\package.json not in flight; writing
90 verbose correctMkdir C:\Users\JS\AppData\Roaming\npm-cache correctMkdir not in flight; initializing
91 verbose afterAdd C:\Users\JS\AppData\Roaming\npm-cache\grunt-i18next\0.0.2\package\package.json written
92 silly install resolved [ { name: 'grunt-i18next',
92 silly install resolved     description: 'Bundle language resource files for i18next.',
92 silly install resolved     version: '0.0.2',
92 silly install resolved     homepage: 'https://github.com/i18next/grunt-i18next',
92 silly install resolved     author: { name: 'Ignacio Rivas', url: 'http://github.com/sabarasaba' },
92 silly install resolved     repository:
92 silly install resolved      { type: 'git',
92 silly install resolved        url: 'git://github.com/i18next/grunt-i18next.git' },
92 silly install resolved     bugs: { url: 'https://github.com/i18next/grunt-i18next/issues' },
92 silly install resolved     licenses: [ [Object] ],
92 silly install resolved     engines: { node: '>= 0.8.0' },
92 silly install resolved     scripts: { test: 'grunt test' },
92 silly install resolved     devDependencies:
92 silly install resolved      { 'grunt-contrib-jshint': '~0.6.2',
92 silly install resolved        'grunt-contrib-clean': '~0.5.0',
92 silly install resolved        'grunt-contrib-nodeunit': '~0.2.1',
92 silly install resolved        grunt: '~0.4.0' },
92 silly install resolved     peerDependencies: { grunt: '~0.4.0' },
92 silly install resolved     keywords: [ 'gruntplugin', 'i18next' ],
92 silly install resolved     gitHead: '04844b81384cf25c0a46cd4c59b1d869c90cf50a',
92 silly install resolved     _id: 'grunt-i18next@0.0.2',
92 silly install resolved     _shasum: '651e735db93caccaba9042ccf852036bd14a357a',
92 silly install resolved     _from: 'grunt-i18next@latest',
92 silly install resolved     _npmVersion: '1.4.14',
92 silly install resolved     _npmUser: { name: 'sabarasaba', email: 'rivasign@gmail.com' },
92 silly install resolved     maintainers: [ [Object] ],
92 silly install resolved     dist:
92 silly install resolved      { shasum: '651e735db93caccaba9042ccf852036bd14a357a',
92 silly install resolved        tarball: 'https://registry.npmjs.org/grunt-i18next/-/grunt-i18next-0.0.2.tgz' },
92 silly install resolved     directories: {},
92 silly install resolved     _resolved: 'https://registry.npmjs.org/grunt-i18next/-/grunt-i18next-0.0.2.tgz' } ]
93 info install grunt-i18next@0.0.2 into F:\zy\codeLibrary\nginx-1.11.2\html\gruntDemo
94 info installOne grunt-i18next@0.0.2
95 verbose installOne of grunt-i18next to F:\zy\codeLibrary\nginx-1.11.2\html\gruntDemo not in flight; installing
96 verbose correctMkdir C:\Users\JS\AppData\Roaming\npm-cache\_locks correctMkdir not in flight; initializing
97 verbose lock using C:\Users\JS\AppData\Roaming\npm-cache\_locks\grunt-i18next-9d5554d39a0c0a09.lock for F:\zy\codeLibrary\nginx-1.11.2\html\gruntDemo\node_modules\grunt-i18next
98 silly install write writing grunt-i18next 0.0.2 to F:\zy\codeLibrary\nginx-1.11.2\html\gruntDemo\node_modules\grunt-i18next
99 verbose unbuild node_modules\grunt-i18next
100 silly gentlyRm F:\zy\codeLibrary\nginx-1.11.2\html\gruntDemo\node_modules\grunt-i18next is being purged from base F:\zy\codeLibrary\nginx-1.11.2\html\gruntDemo
101 verbose gentlyRm don't care about contents; nuking F:\zy\codeLibrary\nginx-1.11.2\html\gruntDemo\node_modules\grunt-i18next
102 verbose tar unpack C:\Users\JS\AppData\Roaming\npm-cache\grunt-i18next\0.0.2\package.tgz
103 verbose tar unpacking to F:\zy\codeLibrary\nginx-1.11.2\html\gruntDemo\node_modules\grunt-i18next
104 silly gentlyRm F:\zy\codeLibrary\nginx-1.11.2\html\gruntDemo\node_modules\grunt-i18next is being purged
105 verbose gentlyRm don't care about contents; nuking F:\zy\codeLibrary\nginx-1.11.2\html\gruntDemo\node_modules\grunt-i18next
106 silly gunzTarPerm modes [ '777', '666' ]
107 silly gunzTarPerm extractEntry package.json
108 silly gunzTarPerm modified mode [ 'package.json', 420, 438 ]
109 silly gunzTarPerm extractEntry .npmignore
110 silly gunzTarPerm modified mode [ '.npmignore', 420, 438 ]
111 silly gunzTarPerm extractEntry README.md
112 silly gunzTarPerm modified mode [ 'README.md', 420, 438 ]
113 silly gunzTarPerm extractEntry Gruntfile.js
114 silly gunzTarPerm modified mode [ 'Gruntfile.js', 420, 438 ]
115 silly gunzTarPerm extractEntry .jshintrc
116 silly gunzTarPerm modified mode [ '.jshintrc', 420, 438 ]
117 silly gunzTarPerm extractEntry .travis.yml
118 silly gunzTarPerm modified mode [ '.travis.yml', 420, 438 ]
119 silly gunzTarPerm extractEntry LICENSE-MIT
120 silly gunzTarPerm modified mode [ 'LICENSE-MIT', 420, 438 ]
121 silly gunzTarPerm extractEntry tasks/i18next.js
122 silly gunzTarPerm modified mode [ 'tasks/i18next.js', 420, 438 ]
123 silly gunzTarPerm extractEntry test/i18next_test.js
124 silly gunzTarPerm modified mode [ 'test/i18next_test.js', 420, 438 ]
125 silly gunzTarPerm extractEntry test/sample/widget-a/locales/nested-en.json
126 silly gunzTarPerm modified mode [ 'test/sample/widget-a/locales/nested-en.json', 420, 438 ]
127 silly gunzTarPerm extractEntry test/sample/widget-a/locales/translation-en.json
128 silly gunzTarPerm modified mode [ 'test/sample/widget-a/locales/translation-en.json', 420, 438 ]
129 silly gunzTarPerm extractEntry test/sample/widget-a/locales/translation-es.json
130 silly gunzTarPerm modified mode [ 'test/sample/widget-a/locales/translation-es.json', 420, 438 ]
131 silly gunzTarPerm extractEntry test/sample/widget-a/locales/translation-fr.json
132 silly gunzTarPerm modified mode [ 'test/sample/widget-a/locales/translation-fr.json', 420, 438 ]
133 silly gunzTarPerm extractEntry test/sample/widget-b/locales/nested-en.json
134 silly gunzTarPerm modified mode [ 'test/sample/widget-b/locales/nested-en.json', 420, 438 ]
135 silly gunzTarPerm extractEntry test/sample/widget-b/locales/translation-en.json
136 silly gunzTarPerm modified mode [ 'test/sample/widget-b/locales/translation-en.json', 420, 438 ]
137 silly gunzTarPerm extractEntry test/sample/widget-b/locales/translation-es.json
138 silly gunzTarPerm modified mode [ 'test/sample/widget-b/locales/translation-es.json', 420, 438 ]
139 silly gunzTarPerm extractEntry test/sample/widget-b/locales/translation-fr.json
140 silly gunzTarPerm modified mode [ 'test/sample/widget-b/locales/translation-fr.json', 420, 438 ]
141 verbose write writing to F:\zy\codeLibrary\nginx-1.11.2\html\gruntDemo\node_modules\grunt-i18next\package.json
142 info preinstall grunt-i18next@0.0.2
143 verbose readDependencies loading dependencies from F:\zy\codeLibrary\nginx-1.11.2\html\gruntDemo\node_modules\grunt-i18next\package.json
144 silly prepareForInstallMany adding grunt@~0.4.0 from grunt-i18next peerDependencies
145 warn peerDependencies The peer dependency grunt@~0.4.0 included from grunt-i18next will no
146 warn peerDependencies longer be automatically installed to fulfill the peerDependency
147 warn peerDependencies in npm 3+. Your application will need to depend on it explicitly.
148 verbose readDependencies loading dependencies from F:\zy\codeLibrary\nginx-1.11.2\html\gruntDemo\node_modules\grunt-i18next\package.json
149 silly install resolved []
150 verbose about to build F:\zy\codeLibrary\nginx-1.11.2\html\gruntDemo\node_modules\grunt-i18next
151 info build F:\zy\codeLibrary\nginx-1.11.2\html\gruntDemo\node_modules\grunt-i18next
152 info linkStuff grunt-i18next@0.0.2
153 silly linkStuff grunt-i18next@0.0.2 has F:\zy\codeLibrary\nginx-1.11.2\html\gruntDemo\node_modules as its parent node_modules
154 verbose linkBins grunt-i18next@0.0.2
155 verbose linkMans grunt-i18next@0.0.2
156 verbose rebuildBundles grunt-i18next@0.0.2
157 info install grunt-i18next@0.0.2
158 info postinstall grunt-i18next@0.0.2
159 verbose readDependencies loading dependencies from F:\zy\codeLibrary\nginx-1.11.2\html\gruntDemo\package.json
160 verbose targetResolver reading package data from F:\zy\codeLibrary\nginx-1.11.2\html\gruntDemo\node_modules\bootstrap\package.json
161 verbose targetResolver reading package data from F:\zy\codeLibrary\nginx-1.11.2\html\gruntDemo\node_modules\coffee-script\package.json
162 verbose targetResolver reading package data from F:\zy\codeLibrary\nginx-1.11.2\html\gruntDemo\node_modules\dateformat\package.json
163 verbose targetResolver reading package data from F:\zy\codeLibrary\nginx-1.11.2\html\gruntDemo\node_modules\difflet\package.json
164 verbose targetResolver reading package data from F:\zy\codeLibrary\nginx-1.11.2\html\gruntDemo\node_modules\eventemitter2\package.json
165 verbose targetResolver reading package data from F:\zy\codeLibrary\nginx-1.11.2\html\gruntDemo\node_modules\exit\package.json
166 verbose targetResolver reading package data from F:\zy\codeLibrary\nginx-1.11.2\html\gruntDemo\node_modules\findup-sync\package.json
167 verbose targetResolver reading package data from F:\zy\codeLibrary\nginx-1.11.2\html\gruntDemo\node_modules\glob\package.json
168 verbose targetResolver reading package data from F:\zy\codeLibrary\nginx-1.11.2\html\gruntDemo\node_modules\grunt\package.json
169 verbose targetResolver reading package data from F:\zy\codeLibrary\nginx-1.11.2\html\gruntDemo\node_modules\grunt-cli\package.json
170 verbose targetResolver reading package data from F:\zy\codeLibrary\nginx-1.11.2\html\gruntDemo\node_modules\grunt-contrib-handlebars\package.json
171 verbose targetResolver reading package data from F:\zy\codeLibrary\nginx-1.11.2\html\gruntDemo\node_modules\grunt-contrib-jshint\package.json
172 verbose targetResolver reading package data from F:\zy\codeLibrary\nginx-1.11.2\html\gruntDemo\node_modules\grunt-contrib-nodeunit\package.json
173 verbose targetResolver reading package data from F:\zy\codeLibrary\nginx-1.11.2\html\gruntDemo\node_modules\grunt-contrib-requirejs\package.json
174 verbose targetResolver reading package data from F:\zy\codeLibrary\nginx-1.11.2\html\gruntDemo\node_modules\grunt-contrib-watch\package.json
175 verbose targetResolver reading package data from F:\zy\codeLibrary\nginx-1.11.2\html\gruntDemo\node_modules\grunt-i18next\package.json
176 verbose targetResolver reading package data from F:\zy\codeLibrary\nginx-1.11.2\html\gruntDemo\node_modules\grunt-jscs\package.json
177 verbose targetResolver reading package data from F:\zy\codeLibrary\nginx-1.11.2\html\gruntDemo\node_modules\grunt-known-options\package.json
178 verbose targetResolver reading package data from F:\zy\codeLibrary\nginx-1.11.2\html\gruntDemo\node_modules\grunt-legacy-log\package.json
179 verbose targetResolver reading package data from F:\zy\codeLibrary\nginx-1.11.2\html\gruntDemo\node_modules\grunt-legacy-util\package.json
180 verbose targetResolver reading package data from F:\zy\codeLibrary\nginx-1.11.2\html\gruntDemo\node_modules\handlebars\package.json
181 verbose targetResolver reading package data from F:\zy\codeLibrary\nginx-1.11.2\html\gruntDemo\node_modules\i18next\package.json
182 verbose targetResolver reading package data from F:\zy\codeLibrary\nginx-1.11.2\html\gruntDemo\node_modules\iconv-lite\package.json
183 verbose targetResolver reading package data from F:\zy\codeLibrary\nginx-1.11.2\html\gruntDemo\node_modules\jquery\package.json
184 verbose targetResolver reading package data from F:\zy\codeLibrary\nginx-1.11.2\html\gruntDemo\node_modules\js-yaml\package.json
185 verbose targetResolver reading package data from F:\zy\codeLibrary\nginx-1.11.2\html\gruntDemo\node_modules\minimatch\package.json
186 verbose targetResolver reading package data from F:\zy\codeLibrary\nginx-1.11.2\html\gruntDemo\node_modules\nopt\package.json
187 verbose targetResolver reading package data from F:\zy\codeLibrary\nginx-1.11.2\html\gruntDemo\node_modules\path-is-absolute\package.json
188 verbose targetResolver reading package data from F:\zy\codeLibrary\nginx-1.11.2\html\gruntDemo\node_modules\requirejs\package.json
189 verbose targetResolver reading package data from F:\zy\codeLibrary\nginx-1.11.2\html\gruntDemo\node_modules\rimraf\package.json
190 verbose targetResolver reading package data from F:\zy\codeLibrary\nginx-1.11.2\html\gruntDemo\node_modules\semver\package.json
191 verbose targetResolver reading package data from F:\zy\codeLibrary\nginx-1.11.2\html\gruntDemo\node_modules\shelljs\package.json
192 verbose targetResolver reading package data from F:\zy\codeLibrary\nginx-1.11.2\html\gruntDemo\node_modules\temporary\package.json
193 verbose targetResolver reading package data from F:\zy\codeLibrary\nginx-1.11.2\html\gruntDemo\node_modules\through2\package.json
194 verbose targetResolver reading package data from F:\zy\codeLibrary\nginx-1.11.2\html\gruntDemo\node_modules\.bin\cake\package.json
195 verbose targetResolver reading package data from F:\zy\codeLibrary\nginx-1.11.2\html\gruntDemo\node_modules\.bin\cake.cmd\package.json
196 verbose targetResolver reading package data from F:\zy\codeLibrary\nginx-1.11.2\html\gruntDemo\node_modules\.bin\coffee\package.json
197 verbose targetResolver reading package data from F:\zy\codeLibrary\nginx-1.11.2\html\gruntDemo\node_modules\.bin\coffee.cmd\package.json
198 verbose targetResolver reading package data from F:\zy\codeLibrary\nginx-1.11.2\html\gruntDemo\node_modules\.bin\dateformat\package.json
199 verbose targetResolver reading package data from F:\zy\codeLibrary\nginx-1.11.2\html\gruntDemo\node_modules\.bin\dateformat.cmd\package.json
200 verbose targetResolver reading package data from F:\zy\codeLibrary\nginx-1.11.2\html\gruntDemo\node_modules\.bin\grunt\package.json
201 verbose targetResolver reading package data from F:\zy\codeLibrary\nginx-1.11.2\html\gruntDemo\node_modules\.bin\grunt.cmd\package.json
202 verbose targetResolver reading package data from F:\zy\codeLibrary\nginx-1.11.2\html\gruntDemo\node_modules\.bin\handlebars\package.json
203 verbose targetResolver reading package data from F:\zy\codeLibrary\nginx-1.11.2\html\gruntDemo\node_modules\.bin\handlebars.cmd\package.json
204 verbose targetResolver reading package data from F:\zy\codeLibrary\nginx-1.11.2\html\gruntDemo\node_modules\.bin\js-yaml\package.json
205 verbose targetResolver reading package data from F:\zy\codeLibrary\nginx-1.11.2\html\gruntDemo\node_modules\.bin\js-yaml.cmd\package.json
206 verbose targetResolver reading package data from F:\zy\codeLibrary\nginx-1.11.2\html\gruntDemo\node_modules\.bin\nopt\package.json
207 verbose targetResolver reading package data from F:\zy\codeLibrary\nginx-1.11.2\html\gruntDemo\node_modules\.bin\nopt.cmd\package.json
208 verbose targetResolver reading package data from F:\zy\codeLibrary\nginx-1.11.2\html\gruntDemo\node_modules\.bin\r.js\package.json
209 verbose targetResolver reading package data from F:\zy\codeLibrary\nginx-1.11.2\html\gruntDemo\node_modules\.bin\r.js.cmd\package.json
210 verbose targetResolver reading package data from F:\zy\codeLibrary\nginx-1.11.2\html\gruntDemo\node_modules\.bin\r_js\package.json
211 verbose targetResolver reading package data from F:\zy\codeLibrary\nginx-1.11.2\html\gruntDemo\node_modules\.bin\r_js.cmd\package.json
212 verbose targetResolver reading package data from F:\zy\codeLibrary\nginx-1.11.2\html\gruntDemo\node_modules\.bin\rimraf\package.json
213 verbose targetResolver reading package data from F:\zy\codeLibrary\nginx-1.11.2\html\gruntDemo\node_modules\.bin\rimraf.cmd\package.json
214 verbose targetResolver reading package data from F:\zy\codeLibrary\nginx-1.11.2\html\gruntDemo\node_modules\.bin\semver\package.json
215 verbose targetResolver reading package data from F:\zy\codeLibrary\nginx-1.11.2\html\gruntDemo\node_modules\.bin\semver.cmd\package.json
216 verbose targetResolver reading package data from F:\zy\codeLibrary\nginx-1.11.2\html\gruntDemo\node_modules\.bin\shjs\package.json
217 verbose targetResolver reading package data from F:\zy\codeLibrary\nginx-1.11.2\html\gruntDemo\node_modules\.bin\shjs.cmd\package.json
218 verbose already installed skipping grunt@~0.4.0 F:\zy\codeLibrary\nginx-1.11.2\html\gruntDemo
219 silly install resolved []
220 verbose unlock done using C:\Users\JS\AppData\Roaming\npm-cache\_locks\grunt-i18next-9d5554d39a0c0a09.lock for F:\zy\codeLibrary\nginx-1.11.2\html\gruntDemo\node_modules\grunt-i18next
221 verbose validateInstall loading F:\zy\codeLibrary\nginx-1.11.2\html\gruntDemo\package.json for validation
222 verbose stack Error: The package grunt@1.0.1 does not satisfy its siblings' peerDependencies requirements!
222 verbose stack     at C:\Program Files\nodejs\node_modules\npm\lib\install.js:125:32
222 verbose stack     at C:\Program Files\nodejs\node_modules\npm\lib\install.js:268:7
222 verbose stack     at C:\Program Files\nodejs\node_modules\npm\node_modules\read-installed\read-installed.js:142:5
222 verbose stack     at C:\Program Files\nodejs\node_modules\npm\node_modules\read-installed\read-installed.js:263:14
222 verbose stack     at cb (C:\Program Files\nodejs\node_modules\npm\node_modules\slide\lib\async-map.js:47:24)
222 verbose stack     at C:\Program Files\nodejs\node_modules\npm\node_modules\read-installed\read-installed.js:263:14
222 verbose stack     at cb (C:\Program Files\nodejs\node_modules\npm\node_modules\slide\lib\async-map.js:47:24)
222 verbose stack     at C:\Program Files\nodejs\node_modules\npm\node_modules\read-installed\read-installed.js:263:14
222 verbose stack     at cb (C:\Program Files\nodejs\node_modules\npm\node_modules\slide\lib\async-map.js:47:24)
222 verbose stack     at C:\Program Files\nodejs\node_modules\npm\node_modules\read-installed\read-installed.js:263:14
223 verbose cwd F:\zy\codeLibrary\nginx-1.11.2\html\gruntDemo
224 error Windows_NT 6.1.7601
225 error argv "C:\\Program Files\\nodejs\\node.exe" "C:\\Program Files\\nodejs\\node_modules\\npm\\bin\\npm-cli.js" "install" "grunt-i18next" "--save-dev"
226 error node v4.4.7
227 error npm  v2.15.8
228 error code EPEERINVALID
229 error peerinvalid The package grunt@1.0.1 does not satisfy its siblings' peerDependencies requirements!
229 error peerinvalid Peer grunt-i18next@0.0.2 wants grunt@~0.4.0
229 error peerinvalid Peer grunt-contrib-jshint@1.0.0 wants grunt@>=0.4.0
229 error peerinvalid Peer grunt-contrib-nodeunit@0.4.1 wants grunt@~0.4.0
230 verbose exit [ 1, true ]
